-------------------------------------------------------------------------------
Test set: com.training.epam.ticketservice.at.TestExecutor
-------------------------------------------------------------------------------
Tests run: 17, Failures: 3, Errors: 0, Skipped: 0, Time elapsed: 186.526 sec <<< FAILURE!
an admin user can update a movie(allows creating movie descriptions)  Time elapsed: 10.703 sec  <<< FAILURE!
java.lang.AssertionError: 
Expected: "Sátántangó (drama, 450 minutes)"
     but: was "Ticket service> Ticket service> Sátántangó (drama, 450 minutes)"
	at org.hamcrest.MatcherAssert.assertThat(MatcherAssert.java:20)
	at org.hamcrest.MatcherAssert.assertThat(MatcherAssert.java:8)
	at com.training.epam.ticketservice.at.GenericCliProcessStepDefs.theNextLineOfOutputContains(GenericCliProcessStepDefs.java:43)
	at ✽.the next line of the output is "Sátántangó (drama, 450 minutes)"(file:///C:/Users/Lenovo%20PC/gyak/PROJECTS/java-beadandó/epam-deik-java-dev-2021-22_semester-01_Tuesday_group/final/ticket-service-acceptance-tests/src/test/resources/features/movies.feature:19)

an admin user can update a room(allow creating, reading, updating and deleting rooms where the screenings will happen)  Time elapsed: 10.347 sec  <<< FAILURE!
java.lang.AssertionError: 
Expected: "Room Pedersoli with 100 seats, 10 rows and 10 columns"
     but: was "Ticket service> Ticket service> Room Pedersoli with 100 seats, 10 rows and 10 columns"
	at org.hamcrest.MatcherAssert.assertThat(MatcherAssert.java:20)
	at org.hamcrest.MatcherAssert.assertThat(MatcherAssert.java:8)
	at com.training.epam.ticketservice.at.GenericCliProcessStepDefs.theNextLineOfOutputContains(GenericCliProcessStepDefs.java:43)
	at ✽.the next line of the output is "Room Pedersoli with 100 seats, 10 rows and 10 columns"(file:///C:/Users/Lenovo%20PC/gyak/PROJECTS/java-beadandó/epam-deik-java-dev-2021-22_semester-01_Tuesday_group/final/ticket-service-acceptance-tests/src/test/resources/features/rooms.feature:20)

The admin can not create overlapping screenings in the same room(allows creating, deleting and listing screenings)  Time elapsed: 11.313 sec  <<< FAILURE!
java.lang.AssertionError: 
Expected: "There is an overlapping screening"
     but: was "Projection created."
	at org.hamcrest.MatcherAssert.assertThat(MatcherAssert.java:20)
	at org.hamcrest.MatcherAssert.assertThat(MatcherAssert.java:8)
	at com.training.epam.ticketservice.at.GenericCliProcessStepDefs.theNextLineOfOutputContains(GenericCliProcessStepDefs.java:43)
	at ✽.the next line of the output is "There is an overlapping screening"(file:///C:/Users/Lenovo%20PC/gyak/PROJECTS/java-beadandó/epam-deik-java-dev-2021-22_semester-01_Tuesday_group/final/ticket-service-acceptance-tests/src/test/resources/features/screenings.feature:26)

