<?xml version="1.0" encoding="UTF-8" ?>
<testsuite tests="17" failures="1" name="com.training.epam.ticketservice.at.TestExecutor" time="262.452" errors="14" skipped="0">
  <properties>
[...]
</properties>
  <testcase classname="allow creating accounts and logging in" name="the admin account exists by default and can be logged in with the correct password" time="13.673"/>
  <testcase classname="allow creating accounts and logging in" name="the admin account can be signed out" time="15.275">
    <error type="java.util.concurrent.TimeoutException">java.util.concurrent.TimeoutException
	at java.base/java.util.concurrent.FutureTask.get(FutureTask.java:204)
	at com.google.common.util.concurrent.SimpleTimeLimiter.callWithTimeout(SimpleTimeLimiter.java:155)
	at com.training.epam.ticketservice.at.ProcessUnderTest.runWithTimeout(ProcessUnderTest.java:87)
	at com.training.epam.ticketservice.at.ProcessUnderTest.waitForOutput(ProcessUnderTest.java:42)
	at com.training.epam.ticketservice.at.GenericCliProcessStepDefs.promptReturned(GenericCliProcessStepDefs.java:32)
	at ✽.the prompt containing &quot;Ticket service&gt;&quot; is printed(file:///C:/Users/Lenovo%20PC/gyak/PROJECTS/java-beadandó/epam-deik-java-dev-2021-22_semester-01_Tuesday_group/final/ticket-service-acceptance-tests/src/test/resources/features/accounts.feature:5)
</error>
  </testcase>
  <testcase classname="allow creating accounts and logging in" name="the admin account can not be logged in with incorrect password" time="15.24">
    <error type="java.util.concurrent.TimeoutException">java.util.concurrent.TimeoutException
	at java.base/java.util.concurrent.FutureTask.get(FutureTask.java:204)
	at com.google.common.util.concurrent.SimpleTimeLimiter.callWithTimeout(SimpleTimeLimiter.java:155)
	at com.training.epam.ticketservice.at.ProcessUnderTest.runWithTimeout(ProcessUnderTest.java:87)
	at com.training.epam.ticketservice.at.ProcessUnderTest.waitForOutput(ProcessUnderTest.java:42)
	at com.training.epam.ticketservice.at.GenericCliProcessStepDefs.promptReturned(GenericCliProcessStepDefs.java:32)
	at ✽.the prompt containing &quot;Ticket service&gt;&quot; is printed(file:///C:/Users/Lenovo%20PC/gyak/PROJECTS/java-beadandó/epam-deik-java-dev-2021-22_semester-01_Tuesday_group/final/ticket-service-acceptance-tests/src/test/resources/features/accounts.feature:5)
</error>
  </testcase>
  <testcase classname="allows creating movie descriptions" name="an admin user can create and list movies" time="16.297"/>
  <testcase classname="allows creating movie descriptions" name="an admin user can update a movie" time="15.859">
    <failure message="
Expected: &quot;Sátántangó (drama, 450 minutes)&quot;
     but: was &quot;Ticket service&gt; Ticket service&gt; Sátántangó (drama, 450 minutes)&quot;" type="java.lang.AssertionError">java.lang.AssertionError: 
Expected: &quot;Sátántangó (drama, 450 minutes)&quot;
     but: was &quot;Ticket service&gt; Ticket service&gt; Sátántangó (drama, 450 minutes)&quot;
	at org.hamcrest.MatcherAssert.assertThat(MatcherAssert.java:20)
	at org.hamcrest.MatcherAssert.assertThat(MatcherAssert.java:8)
	at com.training.epam.ticketservice.at.GenericCliProcessStepDefs.theNextLineOfOutputContains(GenericCliProcessStepDefs.java:43)
	at ✽.the next line of the output is &quot;Sátántangó (drama, 450 minutes)&quot;(file:///C:/Users/Lenovo%20PC/gyak/PROJECTS/java-beadandó/epam-deik-java-dev-2021-22_semester-01_Tuesday_group/final/ticket-service-acceptance-tests/src/test/resources/features/movies.feature:19)
</failure>
  </testcase>
  <testcase classname="allows creating movie descriptions" name="an admin user can delete a movie" time="15.278">
    <error type="java.util.concurrent.TimeoutException">java.util.concurrent.TimeoutException
	at java.base/java.util.concurrent.FutureTask.get(FutureTask.java:204)
	at com.google.common.util.concurrent.SimpleTimeLimiter.callWithTimeout(SimpleTimeLimiter.java:155)
	at com.training.epam.ticketservice.at.ProcessUnderTest.runWithTimeout(ProcessUnderTest.java:87)
	at com.training.epam.ticketservice.at.ProcessUnderTest.waitForOutput(ProcessUnderTest.java:42)
	at com.training.epam.ticketservice.at.GenericCliProcessStepDefs.promptReturned(GenericCliProcessStepDefs.java:32)
	at ✽.the prompt containing &quot;Ticket service&gt;&quot; is printed(file:///C:/Users/Lenovo%20PC/gyak/PROJECTS/java-beadandó/epam-deik-java-dev-2021-22_semester-01_Tuesday_group/final/ticket-service-acceptance-tests/src/test/resources/features/movies.feature:4)
</error>
  </testcase>
  <testcase classname="allows creating movie descriptions" name="an unauthenticated user can list movies" time="15.248">
    <error type="java.util.concurrent.TimeoutException">java.util.concurrent.TimeoutException
	at java.base/java.util.concurrent.FutureTask.get(FutureTask.java:204)
	at com.google.common.util.concurrent.SimpleTimeLimiter.callWithTimeout(SimpleTimeLimiter.java:155)
	at com.training.epam.ticketservice.at.ProcessUnderTest.runWithTimeout(ProcessUnderTest.java:87)
	at com.training.epam.ticketservice.at.ProcessUnderTest.waitForOutput(ProcessUnderTest.java:42)
	at com.training.epam.ticketservice.at.GenericCliProcessStepDefs.promptReturned(GenericCliProcessStepDefs.java:32)
	at ✽.the prompt containing &quot;Ticket service&gt;&quot; is printed(file:///C:/Users/Lenovo%20PC/gyak/PROJECTS/java-beadandó/epam-deik-java-dev-2021-22_semester-01_Tuesday_group/final/ticket-service-acceptance-tests/src/test/resources/features/movies.feature:4)
</error>
  </testcase>
  <testcase classname="allow creating, reading, updating and deleting rooms where the screenings will happen" name="an admin user can create and list rooms" time="15.303">
    <error type="java.util.concurrent.TimeoutException">java.util.concurrent.TimeoutException
	at java.base/java.util.concurrent.FutureTask.get(FutureTask.java:204)
	at com.google.common.util.concurrent.SimpleTimeLimiter.callWithTimeout(SimpleTimeLimiter.java:155)
	at com.training.epam.ticketservice.at.ProcessUnderTest.runWithTimeout(ProcessUnderTest.java:87)
	at com.training.epam.ticketservice.at.ProcessUnderTest.waitForOutput(ProcessUnderTest.java:42)
	at com.training.epam.ticketservice.at.GenericCliProcessStepDefs.promptReturned(GenericCliProcessStepDefs.java:32)
	at ✽.the prompt containing &quot;Ticket service&gt;&quot; is printed(file:///C:/Users/Lenovo%20PC/gyak/PROJECTS/java-beadandó/epam-deik-java-dev-2021-22_semester-01_Tuesday_group/final/ticket-service-acceptance-tests/src/test/resources/features/rooms.feature:5)
</error>
  </testcase>
  <testcase classname="allow creating, reading, updating and deleting rooms where the screenings will happen" name="an admin user can update a room" time="15.312">
    <error type="java.util.concurrent.TimeoutException">java.util.concurrent.TimeoutException
	at java.base/java.util.concurrent.FutureTask.get(FutureTask.java:204)
	at com.google.common.util.concurrent.SimpleTimeLimiter.callWithTimeout(SimpleTimeLimiter.java:155)
	at com.training.epam.ticketservice.at.ProcessUnderTest.runWithTimeout(ProcessUnderTest.java:87)
	at com.training.epam.ticketservice.at.ProcessUnderTest.waitForOutput(ProcessUnderTest.java:42)
	at com.training.epam.ticketservice.at.GenericCliProcessStepDefs.promptReturned(GenericCliProcessStepDefs.java:32)
	at ✽.the prompt containing &quot;Ticket service&gt;&quot; is printed(file:///C:/Users/Lenovo%20PC/gyak/PROJECTS/java-beadandó/epam-deik-java-dev-2021-22_semester-01_Tuesday_group/final/ticket-service-acceptance-tests/src/test/resources/features/rooms.feature:5)
</error>
  </testcase>
  <testcase classname="allow creating, reading, updating and deleting rooms where the screenings will happen" name="an admin user can delete a room" time="15.445">
    <error type="java.util.concurrent.TimeoutException">java.util.concurrent.TimeoutException
	at java.base/java.util.concurrent.FutureTask.get(FutureTask.java:204)
	at com.google.common.util.concurrent.SimpleTimeLimiter.callWithTimeout(SimpleTimeLimiter.java:155)
	at com.training.epam.ticketservice.at.ProcessUnderTest.runWithTimeout(ProcessUnderTest.java:87)
	at com.training.epam.ticketservice.at.ProcessUnderTest.waitForOutput(ProcessUnderTest.java:42)
	at com.training.epam.ticketservice.at.GenericCliProcessStepDefs.promptReturned(GenericCliProcessStepDefs.java:32)
	at ✽.the prompt containing &quot;Ticket service&gt;&quot; is printed(file:///C:/Users/Lenovo%20PC/gyak/PROJECTS/java-beadandó/epam-deik-java-dev-2021-22_semester-01_Tuesday_group/final/ticket-service-acceptance-tests/src/test/resources/features/rooms.feature:5)
</error>
  </testcase>
  <testcase classname="allow creating, reading, updating and deleting rooms where the screenings will happen" name="an unauthenticated user can list rooms" time="15.411">
    <error type="java.util.concurrent.TimeoutException">java.util.concurrent.TimeoutException
	at java.base/java.util.concurrent.FutureTask.get(FutureTask.java:204)
	at com.google.common.util.concurrent.SimpleTimeLimiter.callWithTimeout(SimpleTimeLimiter.java:155)
	at com.training.epam.ticketservice.at.ProcessUnderTest.runWithTimeout(ProcessUnderTest.java:87)
	at com.training.epam.ticketservice.at.ProcessUnderTest.waitForOutput(ProcessUnderTest.java:42)
	at com.training.epam.ticketservice.at.GenericCliProcessStepDefs.promptReturned(GenericCliProcessStepDefs.java:32)
	at ✽.the prompt containing &quot;Ticket service&gt;&quot; is printed(file:///C:/Users/Lenovo%20PC/gyak/PROJECTS/java-beadandó/epam-deik-java-dev-2021-22_semester-01_Tuesday_group/final/ticket-service-acceptance-tests/src/test/resources/features/rooms.feature:5)
</error>
  </testcase>
  <testcase classname="allows creating, deleting and listing screenings" name="The admin user can create and query screenings" time="15.602">
    <error type="java.util.concurrent.TimeoutException">java.util.concurrent.TimeoutException
	at java.base/java.util.concurrent.FutureTask.get(FutureTask.java:204)
	at com.google.common.util.concurrent.SimpleTimeLimiter.callWithTimeout(SimpleTimeLimiter.java:155)
	at com.training.epam.ticketservice.at.ProcessUnderTest.runWithTimeout(ProcessUnderTest.java:87)
	at com.training.epam.ticketservice.at.ProcessUnderTest.waitForOutput(ProcessUnderTest.java:42)
	at com.training.epam.ticketservice.at.GenericCliProcessStepDefs.promptReturned(GenericCliProcessStepDefs.java:32)
	at ✽.the prompt containing &quot;Ticket service&gt;&quot; is printed(file:///C:/Users/Lenovo%20PC/gyak/PROJECTS/java-beadandó/epam-deik-java-dev-2021-22_semester-01_Tuesday_group/final/ticket-service-acceptance-tests/src/test/resources/features/screenings.feature:4)
</error>
  </testcase>
  <testcase classname="allows creating, deleting and listing screenings" name="The admin can not create overlapping screenings in the same room" time="15.623">
    <error type="java.util.concurrent.TimeoutException">java.util.concurrent.TimeoutException
	at java.base/java.util.concurrent.FutureTask.get(FutureTask.java:204)
	at com.google.common.util.concurrent.SimpleTimeLimiter.callWithTimeout(SimpleTimeLimiter.java:155)
	at com.training.epam.ticketservice.at.ProcessUnderTest.runWithTimeout(ProcessUnderTest.java:87)
	at com.training.epam.ticketservice.at.ProcessUnderTest.waitForOutput(ProcessUnderTest.java:42)
	at com.training.epam.ticketservice.at.GenericCliProcessStepDefs.promptReturned(GenericCliProcessStepDefs.java:32)
	at ✽.the prompt containing &quot;Ticket service&gt;&quot; is printed(file:///C:/Users/Lenovo%20PC/gyak/PROJECTS/java-beadandó/epam-deik-java-dev-2021-22_semester-01_Tuesday_group/final/ticket-service-acceptance-tests/src/test/resources/features/screenings.feature:4)
</error>
  </testcase>
  <testcase classname="allows creating, deleting and listing screenings" name="The admin can create overlapping screenings in different rooms" time="15.728">
    <error type="java.util.concurrent.TimeoutException">java.util.concurrent.TimeoutException
	at java.base/java.util.concurrent.FutureTask.get(FutureTask.java:204)
	at com.google.common.util.concurrent.SimpleTimeLimiter.callWithTimeout(SimpleTimeLimiter.java:155)
	at com.training.epam.ticketservice.at.ProcessUnderTest.runWithTimeout(ProcessUnderTest.java:87)
	at com.training.epam.ticketservice.at.ProcessUnderTest.waitForOutput(ProcessUnderTest.java:42)
	at com.training.epam.ticketservice.at.GenericCliProcessStepDefs.promptReturned(GenericCliProcessStepDefs.java:32)
	at ✽.the prompt containing &quot;Ticket service&gt;&quot; is printed(file:///C:/Users/Lenovo%20PC/gyak/PROJECTS/java-beadandó/epam-deik-java-dev-2021-22_semester-01_Tuesday_group/final/ticket-service-acceptance-tests/src/test/resources/features/screenings.feature:4)
</error>
  </testcase>
  <testcase classname="allows creating, deleting and listing screenings" name="The admin can not create screenings during a 10 minute long breaks after another screening in the same room" time="15.555">
    <error type="java.util.concurrent.TimeoutException">java.util.concurrent.TimeoutException
	at java.base/java.util.concurrent.FutureTask.get(FutureTask.java:204)
	at com.google.common.util.concurrent.SimpleTimeLimiter.callWithTimeout(SimpleTimeLimiter.java:155)
	at com.training.epam.ticketservice.at.ProcessUnderTest.runWithTimeout(ProcessUnderTest.java:87)
	at com.training.epam.ticketservice.at.ProcessUnderTest.waitForOutput(ProcessUnderTest.java:42)
	at com.training.epam.ticketservice.at.GenericCliProcessStepDefs.promptReturned(GenericCliProcessStepDefs.java:32)
	at ✽.the prompt containing &quot;Ticket service&gt;&quot; is printed(file:///C:/Users/Lenovo%20PC/gyak/PROJECTS/java-beadandó/epam-deik-java-dev-2021-22_semester-01_Tuesday_group/final/ticket-service-acceptance-tests/src/test/resources/features/screenings.feature:4)
</error>
  </testcase>
  <testcase classname="allows creating, deleting and listing screenings" name="The admin can create screenings even if there is a break after a screening in a different room" time="15.728">
    <error type="java.util.concurrent.TimeoutException">java.util.concurrent.TimeoutException
	at java.base/java.util.concurrent.FutureTask.get(FutureTask.java:204)
	at com.google.common.util.concurrent.SimpleTimeLimiter.callWithTimeout(SimpleTimeLimiter.java:155)
	at com.training.epam.ticketservice.at.ProcessUnderTest.runWithTimeout(ProcessUnderTest.java:87)
	at com.training.epam.ticketservice.at.ProcessUnderTest.waitForOutput(ProcessUnderTest.java:42)
	at com.training.epam.ticketservice.at.GenericCliProcessStepDefs.promptReturned(GenericCliProcessStepDefs.java:32)
	at ✽.the prompt containing &quot;Ticket service&gt;&quot; is printed(file:///C:/Users/Lenovo%20PC/gyak/PROJECTS/java-beadandó/epam-deik-java-dev-2021-22_semester-01_Tuesday_group/final/ticket-service-acceptance-tests/src/test/resources/features/screenings.feature:4)
</error>
  </testcase>
  <testcase classname="allows creating, deleting and listing screenings" name="The admin user can delete screenings" time="15.875">
    <error type="java.util.concurrent.TimeoutException">java.util.concurrent.TimeoutException
	at java.base/java.util.concurrent.FutureTask.get(FutureTask.java:204)
	at com.google.common.util.concurrent.SimpleTimeLimiter.callWithTimeout(SimpleTimeLimiter.java:155)
	at com.training.epam.ticketservice.at.ProcessUnderTest.runWithTimeout(ProcessUnderTest.java:87)
	at com.training.epam.ticketservice.at.ProcessUnderTest.waitForOutput(ProcessUnderTest.java:42)
	at com.training.epam.ticketservice.at.GenericCliProcessStepDefs.promptReturned(GenericCliProcessStepDefs.java:32)
	at ✽.the prompt containing &quot;Ticket service&gt;&quot; is printed(file:///C:/Users/Lenovo%20PC/gyak/PROJECTS/java-beadandó/epam-deik-java-dev-2021-22_semester-01_Tuesday_group/final/ticket-service-acceptance-tests/src/test/resources/features/screenings.feature:4)
</error>
  </testcase>
</testsuite>